                                 Started job on |	Sep 07 22:18:59
                             Started mapping on |	Sep 07 22:19:11
                                    Finished on |	Sep 07 22:20:39
       Mapping speed, Million of reads per hour |	353.99

                          Number of input reads |	8653141
                      Average input read length |	197
                                    UNIQUE READS:
                   Uniquely mapped reads number |	7474487
                        Uniquely mapped reads % |	86.38%
                          Average mapped length |	194.94
                       Number of splices: Total |	6006482
            Number of splices: Annotated (sjdb) |	5947679
                       Number of splices: GT/AG |	5918527
                       Number of splices: GC/AG |	49326
                       Number of splices: AT/AC |	6538
               Number of splices: Non-canonical |	32091
                      Mismatch rate per base, % |	0.22%
                         Deletion rate per base |	0.00%
                        Deletion average length |	1.84
                        Insertion rate per base |	0.00%
                       Insertion average length |	1.42
                             MULTI-MAPPING READS:
        Number of reads mapped to multiple loci |	347284
             % of reads mapped to multiple loci |	4.01%
        Number of reads mapped to too many loci |	46317
             % of reads mapped to too many loci |	0.54%
                                  UNMAPPED READS:
  Number of reads unmapped: too many mismatches |	0
       % of reads unmapped: too many mismatches |	0.00%
            Number of reads unmapped: too short |	784250
                 % of reads unmapped: too short |	9.06%
                Number of reads unmapped: other |	803
                     % of reads unmapped: other |	0.01%
                                  CHIMERIC READS:
                       Number of chimeric reads |	0
                            % of chimeric reads |	0.00%
