                                 Started job on |	Sep 07 17:25:36
                             Started mapping on |	Sep 07 17:25:46
                                    Finished on |	Sep 07 17:28:23
       Mapping speed, Million of reads per hour |	203.01

                          Number of input reads |	8853312
                      Average input read length |	198
                                    UNIQUE READS:
                   Uniquely mapped reads number |	7239537
                        Uniquely mapped reads % |	81.77%
                          Average mapped length |	195.75
                       Number of splices: Total |	5498750
            Number of splices: Annotated (sjdb) |	5442667
                       Number of splices: GT/AG |	5416290
                       Number of splices: GC/AG |	45583
                       Number of splices: AT/AC |	5890
               Number of splices: Non-canonical |	30987
                      Mismatch rate per base, % |	0.22%
                         Deletion rate per base |	0.00%
                        Deletion average length |	1.83
                        Insertion rate per base |	0.00%
                       Insertion average length |	1.41
                             MULTI-MAPPING READS:
        Number of reads mapped to multiple loci |	329916
             % of reads mapped to multiple loci |	3.73%
        Number of reads mapped to too many loci |	39070
             % of reads mapped to too many loci |	0.44%
                                  UNMAPPED READS:
  Number of reads unmapped: too many mismatches |	0
       % of reads unmapped: too many mismatches |	0.00%
            Number of reads unmapped: too short |	1243364
                 % of reads unmapped: too short |	14.04%
                Number of reads unmapped: other |	1425
                     % of reads unmapped: other |	0.02%
                                  CHIMERIC READS:
                       Number of chimeric reads |	0
                            % of chimeric reads |	0.00%
