	Command being timed: "python /home/jujo/bgmp/bioinfo/PS/Demultiplex/Assignment-the-first/part1.py -f /projects/bgmp/shared/2017_sequencing/demultiplexed/34_4H_both_S24_L008_R1_001.fastq.gz -R2 False"
	User time (seconds): 309.34
	System time (seconds): 0.09
	Percent of CPU this job got: 99%
	Elapsed (wall clock) time (h:mm:ss or m:ss): 5:11.11
	Average shared text size (kbytes): 0
	Average unshared data size (kbytes): 0
	Average stack size (kbytes): 0
	Average total size (kbytes): 0
	Maximum resident set size (kbytes): 28448
	Average resident set size (kbytes): 0
	Major (requiring I/O) page faults: 0
	Minor (reclaiming a frame) page faults: 6005
	Voluntary context switches: 527
	Involuntary context switches: 1014
	Swaps: 0
	File system inputs: 0
	File system outputs: 0
	Socket messages sent: 0
	Socket messages received: 0
	Signals delivered: 0
	Page size (bytes): 4096
	Exit status: 0
	Command being timed: "python /home/jujo/bgmp/bioinfo/PS/Demultiplex/Assignment-the-first/part1_graphs.py -f 34_4H_R1_means.txt"
	User time (seconds): 0.38
	System time (seconds): 0.07
	Percent of CPU this job got: 24%
	Elapsed (wall clock) time (h:mm:ss or m:ss): 0:01.90
	Average shared text size (kbytes): 0
	Average unshared data size (kbytes): 0
	Average stack size (kbytes): 0
	Average total size (kbytes): 0
	Maximum resident set size (kbytes): 61556
	Average resident set size (kbytes): 0
	Major (requiring I/O) page faults: 0
	Minor (reclaiming a frame) page faults: 13493
	Voluntary context switches: 1417
	Involuntary context switches: 1
	Swaps: 0
	File system inputs: 0
	File system outputs: 0
	Socket messages sent: 0
	Socket messages received: 0
	Signals delivered: 0
	Page size (bytes): 4096
	Exit status: 0
